<?xml version="1.0" encoding="UTF-8"?>
<testng-results ignored="0" total="1" passed="1" failed="0" skipped="0">
  <reporter-output>
    <line>
      <![CDATA[Login Successfully]]>
    </line>
    <line>
      <![CDATA[File Uploaded]]>
    </line>
    <line>
      <![CDATA[Email send successfully]]>
    </line>
    <line>
      <![CDATA[Received Email Validated]]>
    </line>
    <line>
      <![CDATA[Attachment downloaded]]>
    </line>
  </reporter-output>
  <suite started-at="2023-06-01T15:33:49 IST" name="Default suite" finished-at="2023-06-01T15:34:49 IST" duration-ms="60193">
    <groups>
    </groups>
    <test started-at="2023-06-01T15:33:49 IST" name="Default test" finished-at="2023-06-01T15:34:49 IST" duration-ms="60193">
      <class name="demo.API.Base">
        <test-method signature="EmailValidation()[pri:0, instance:demo.API.Base@7671cb68]" started-at="2023-06-01T15:33:49 IST" name="EmailValidation" finished-at="2023-06-01T15:34:49 IST" duration-ms="60156" status="PASS">
          <reporter-output>
            <line>
              <![CDATA[Login Successfully]]>
            </line>
            <line>
              <![CDATA[File Uploaded]]>
            </line>
            <line>
              <![CDATA[Email send successfully]]>
            </line>
            <line>
              <![CDATA[Received Email Validated]]>
            </line>
            <line>
              <![CDATA[Attachment downloaded]]>
            </line>
          </reporter-output>
        </test-method> <!-- EmailValidation -->
      </class> <!-- demo.API.Base -->
    </test> <!-- Default test -->
  </suite> <!-- Default suite -->
</testng-results>
